Determining if the pthread_create exist failed with the following output:
Change Dir: /home/virgile/workspace/groneROSworkshop/my_catkin_ws/build/CMakeFiles/CMakeTmp

Run Build Command:"/usr/bin/make" "cmTC_9278d/fast"
/usr/bin/make -f CMakeFiles/cmTC_9278d.dir/build.make CMakeFiles/cmTC_9278d.dir/build
make[1] : on entre dans le répertoire « /home/virgile/workspace/groneROSworkshop/my_catkin_ws/build/CMakeFiles/CMakeTmp »
Building C object CMakeFiles/cmTC_9278d.dir/CheckSymbolExists.c.o
/usr/bin/cc     -o CMakeFiles/cmTC_9278d.dir/CheckSymbolExists.c.o   -c /home/virgile/workspace/groneROSworkshop/my_catkin_ws/build/CMakeFiles/CMakeTmp/CheckSymbolExists.c
Linking C executable cmTC_9278d
/usr/bin/cmake -E cmake_link_script CMakeFiles/cmTC_9278d.dir/link.txt --verbose=1
/usr/bin/cc       CMakeFiles/cmTC_9278d.dir/CheckSymbolExists.c.o  -o cmTC_9278d -rdynamic 
CMakeFiles/cmTC_9278d.dir/CheckSymbolExists.c.o : Dans la fonction « main » :
CheckSymbolExists.c:(.text+0x16) : référence indéfinie vers « pthread_create »
collect2: error: ld returned 1 exit status
CMakeFiles/cmTC_9278d.dir/build.make:97 : la recette pour la cible « cmTC_9278d » a échouée
make[1]: *** [cmTC_9278d] Erreur 1
make[1] : on quitte le répertoire « /home/virgile/workspace/groneROSworkshop/my_catkin_ws/build/CMakeFiles/CMakeTmp »
Makefile:126 : la recette pour la cible « cmTC_9278d/fast » a échouée
make: *** [cmTC_9278d/fast] Erreur 2

File /home/virgile/workspace/groneROSworkshop/my_catkin_ws/build/CMakeFiles/CMakeTmp/CheckSymbolExists.c:
/* */
#include <pthread.h>

int main(int argc, char** argv)
{
  (void)argv;
#ifndef pthread_create
  return ((int*)(&pthread_create))[argc];
#else
  (void)argc;
  return 0;
#endif
}

Determining if the function pthread_create exists in the pthreads failed with the following output:
Change Dir: /home/virgile/workspace/groneROSworkshop/my_catkin_ws/build/CMakeFiles/CMakeTmp

Run Build Command:"/usr/bin/make" "cmTC_aac2b/fast"
/usr/bin/make -f CMakeFiles/cmTC_aac2b.dir/build.make CMakeFiles/cmTC_aac2b.dir/build
make[1] : on entre dans le répertoire « /home/virgile/workspace/groneROSworkshop/my_catkin_ws/build/CMakeFiles/CMakeTmp »
Building C object CMakeFiles/cmTC_aac2b.dir/CheckFunctionExists.c.o
/usr/bin/cc    -DCHECK_FUNCTION_EXISTS=pthread_create   -o CMakeFiles/cmTC_aac2b.dir/CheckFunctionExists.c.o   -c /usr/share/cmake-3.5/Modules/CheckFunctionExists.c
Linking C executable cmTC_aac2b
/usr/bin/cmake -E cmake_link_script CMakeFiles/cmTC_aac2b.dir/link.txt --verbose=1
/usr/bin/cc   -DCHECK_FUNCTION_EXISTS=pthread_create    CMakeFiles/cmTC_aac2b.dir/CheckFunctionExists.c.o  -o cmTC_aac2b -rdynamic -lpthreads 
/usr/bin/ld : ne peut trouver -lpthreads
collect2: error: ld returned 1 exit status
CMakeFiles/cmTC_aac2b.dir/build.make:97 : la recette pour la cible « cmTC_aac2b » a échouée
make[1]: *** [cmTC_aac2b] Erreur 1
make[1] : on quitte le répertoire « /home/virgile/workspace/groneROSworkshop/my_catkin_ws/build/CMakeFiles/CMakeTmp »
Makefile:126 : la recette pour la cible « cmTC_aac2b/fast » a échouée
make: *** [cmTC_aac2b/fast] Erreur 2


